[WARN][upload.go:18]2019/07/22 21:26:27 [http: no such file]
[INFO][request.go:11]2019/07/22 21:26:39 [Username.Required Can not be empty]
[INFO][request.go:11]2019/07/22 21:26:39 [Password.Required Can not be empty]
[WARN][upload.go:18]2019/07/22 21:26:44 [http: no such file]
[WARN][upload.go:18]2019/07/22 21:26:51 [http: no such file]
[WARN][upload.go:18]2019/07/22 21:27:29 [http: no such file]
[WARN][upload.go:18]2019/07/22 21:28:29 [http: no such file]
[WARN][upload.go:18]2019/07/22 21:30:07 [http: no such file]
[WARN][upload.go:18]2019/07/22 21:33:22 [http: no such file]
[WARN][upload.go:18]2019/07/22 21:37:57 [http: no such file]
[WARN][upload.go:20]2019/07/22 21:38:35 [http: no such file]
[WARN][upload.go:20]2019/07/22 21:54:33 [http: no such file]
[WARN][upload.go:20]2019/07/22 21:54:39 [http: no such file]
[WARN][upload.go:20]2019/07/22 21:55:27 [http: no such file]
[WARN][upload.go:20]2019/07/22 22:01:01 [http: no such file]
[WARN][upload.go:20]2019/07/22 22:02:38 [http: no such file]
[WARN][upload.go:20]2019/07/22 22:04:26 [http: no such file]
[WARN][upload.go:20]2019/07/22 22:06:45 [http: no such file]
[WARN][upload.go:20]2019/07/22 22:07:01 [http: no such file]
[WARN][upload.go:20]2019/07/22 22:09:31 [http: no such file]
[WARN][upload.go:20]2019/07/22 22:11:27 [http: no such file]
[ERROR][upload.go:31]2019/07/22 22:13:17 [oss: service returned error: StatusCode=403, ErrorCode=SignatureDoesNotMatch, ErrorMessage="The request signature we calculated does not match the signature you provided. Check your key and signing method.", RequestId=5D35C47DEB7150D4D8745B41]
[ERROR][upload.go:33]2019/07/22 22:14:11 [oss: service returned error: StatusCode=403, ErrorCode=SignatureDoesNotMatch, ErrorMessage="The request signature we calculated does not match the signature you provided. Check your key and signing method.", RequestId=5D35C4B3D99A5644795696E0]
[ERROR][upload.go:33]2019/07/22 22:22:14 [Put http://study-fs/avatar.oss-cn-shanghai.aliyuncs.com/fb4d589e1d2c2e5550cff231d9367293.jpeg: dial tcp: lookup study-fs: no such host]
[ERROR][upload.go:33]2019/07/22 22:23:27 [oss: service returned error: StatusCode=400, ErrorCode=InvalidObjectName, ErrorMessage="The specified object is not valid.", RequestId=5D35C6DF32BE4E9E579E6C97]
[ERROR][upload.go:33]2019/07/22 22:24:53 [oss: service returned error: StatusCode=400, ErrorCode=InvalidObjectName, ErrorMessage="The specified object is not valid.", RequestId=5D35C7357953A4293F4C0237]
