[INFO][request.go:11]2019/07/11 20:07:54 [Username.Required Can not be empty]
[INFO][request.go:11]2019/07/11 20:07:54 [Password.Required Can not be empty]
[INFO][request.go:11]2019/07/11 20:08:01 [Username.Required Can not be empty]
[INFO][request.go:11]2019/07/11 20:08:01 [Password.Required Can not be empty]
[INFO][request.go:11]2019/07/11 20:08:09 [Username.Required Can not be empty]
[INFO][request.go:11]2019/07/11 20:08:09 [Password.Required Can not be empty]
[INFO][request.go:11]2019/07/11 20:16:48 [Username.Required Can not be empty]
[INFO][request.go:11]2019/07/11 20:16:48 [Password.Required Can not be empty]
[INFO][request.go:11]2019/07/11 20:34:57 [Date.MaxSize Maximum size is 10]
[INFO][request.go:11]2019/07/11 20:34:57 [PeriodID.MaxSize Maximum size is 10]
[INFO][request.go:11]2019/07/11 20:34:57 [DoctorID.MaxSize Maximum size is 10]
[INFO][request.go:11]2019/07/11 20:38:05 [Date.MaxSize Maximum size is 10]
[INFO][request.go:11]2019/07/11 20:38:05 [PeriodID.MaxSize Maximum size is 10]
[INFO][request.go:11]2019/07/11 20:38:05 [DoctorID.MaxSize Maximum size is 10]
[INFO][request.go:11]2019/07/11 20:39:35 [Date.MaxSize Maximum size is 100]
[INFO][request.go:11]2019/07/11 20:39:35 [PeriodID.MaxSize Maximum size is 30]
[INFO][request.go:11]2019/07/11 20:39:35 [DoctorID.MaxSize Maximum size is 100]
[INFO][request.go:11]2019/07/11 20:40:39 [Date.MaxSize Maximum size is 100]
[INFO][request.go:11]2019/07/11 20:40:39 [PeriodID.MaxSize Maximum size is 30]
[INFO][request.go:11]2019/07/11 20:40:39 [DoctorID.MaxSize Maximum size is 100]
[INFO][request.go:11]2019/07/11 20:42:28 [Date.MaxSize Maximum size is 100]
[INFO][request.go:11]2019/07/11 20:42:28 [PeriodID.MaxSize Maximum size is 30]
[INFO][request.go:11]2019/07/11 20:42:28 [DoctorID.MaxSize Maximum size is 100]
[INFO][request.go:11]2019/07/11 20:57:58 [id ID必须大于0]
[INFO][request.go:11]2019/07/11 20:58:38 [id ID必须大于0]
[INFO][request.go:11]2019/07/11 22:16:04 [Date.Required Can not be empty]
[INFO][request.go:11]2019/07/11 22:16:04 [Date.Min Minimum is 1]
[INFO][request.go:11]2019/07/11 22:16:04 [PeriodID.Required Can not be empty]
[INFO][request.go:11]2019/07/11 22:16:04 [PeriodID.Min Minimum is 1]
[INFO][request.go:11]2019/07/11 22:16:04 [DoctorID.Required Can not be empty]
[INFO][request.go:11]2019/07/11 22:16:04 [DoctorID.Min Minimum is 1]
[INFO][request.go:11]2019/07/11 22:16:04 [Address.Required Can not be empty]
[INFO][request.go:11]2019/07/11 22:16:04 [CreatedBy.Required Can not be empty]
[INFO][request.go:11]2019/07/11 22:21:41 [Date.Required Can not be empty]
[INFO][request.go:11]2019/07/11 22:21:41 [Date.Min Minimum is 1]
[INFO][request.go:11]2019/07/11 22:21:41 [PeriodID.Required Can not be empty]
[INFO][request.go:11]2019/07/11 22:21:41 [PeriodID.Min Minimum is 1]
[INFO][request.go:11]2019/07/11 22:21:41 [DoctorID.Required Can not be empty]
[INFO][request.go:11]2019/07/11 22:21:41 [DoctorID.Min Minimum is 1]
[INFO][request.go:11]2019/07/11 22:21:41 [Address.Required Can not be empty]
[INFO][request.go:11]2019/07/11 22:21:41 [CreatedBy.Required Can not be empty]
[INFO][request.go:11]2019/07/11 22:21:52 [Date.Required Can not be empty]
[INFO][request.go:11]2019/07/11 22:21:52 [Date.Min Minimum is 1]
[INFO][request.go:11]2019/07/11 22:21:52 [PeriodID.Required Can not be empty]
[INFO][request.go:11]2019/07/11 22:21:52 [PeriodID.Min Minimum is 1]
[INFO][request.go:11]2019/07/11 22:21:52 [DoctorID.Required Can not be empty]
[INFO][request.go:11]2019/07/11 22:21:52 [DoctorID.Min Minimum is 1]
[INFO][request.go:11]2019/07/11 22:21:52 [Address.Required Can not be empty]
[INFO][request.go:11]2019/07/11 22:21:52 [CreatedBy.Required Can not be empty]
[INFO][request.go:11]2019/07/11 22:22:15 [Date.Required Can not be empty]
[INFO][request.go:11]2019/07/11 22:22:15 [Date.Min Minimum is 1]
[INFO][request.go:11]2019/07/11 22:22:15 [PeriodID.Required Can not be empty]
[INFO][request.go:11]2019/07/11 22:22:15 [PeriodID.Min Minimum is 1]
[INFO][request.go:11]2019/07/11 22:22:15 [DoctorID.Required Can not be empty]
[INFO][request.go:11]2019/07/11 22:22:15 [DoctorID.Min Minimum is 1]
[INFO][request.go:11]2019/07/11 22:22:15 [Address.Required Can not be empty]
[INFO][request.go:11]2019/07/11 22:22:15 [CreatedBy.Required Can not be empty]
[INFO][reservation.go:66]2019/07/11 22:41:19 [redigo: nil returned]
[INFO][reservation.go:67]2019/07/11 22:53:46 [redigo: nil returned]
[INFO][reservation.go:67]2019/07/11 22:56:42 [redigo: nil returned]
[INFO][reservation.go:67]2019/07/11 22:59:11 [redigo: nil returned]
[INFO][reservation.go:70]2019/07/11 23:08:30 [redigo: nil returned]
